-------------------------------------------------------------------------------
Test set: TestSuite
-------------------------------------------------------------------------------
Tests run: 2, Failures: 1, Errors: 0, Skipped: 0, Time elapsed: 6.495 sec <<< FAILURE! - in TestSuite
googleTest(FirstTestClass)  Time elapsed: 3.795 sec  <<< FAILURE!
org.openqa.selenium.WebDriverException: unknown error: updateWindow is not defined
JavaScript stack:
ReferenceError: updateWindow is not defined
    at eval (eval at executeAsyncScript (unknown source), <anonymous>:2:9)
    at executeAsyncScript (<anonymous>:314:26)
    at apply.state (<anonymous>:330:29)
    at callFunction (<anonymous>:222:33)
    at apply.state (<anonymous>:232:23)
    at <anonymous>:233:3
  (Session info: chrome=53.0.2785.116)
  (Driver info: chromedriver=2.9.248315,platform=Windows NT 6.3 x86_64) (WARNING: The server did not provide any stacktrace information)
Command duration or timeout: 275 milliseconds
Build info: version: '2.53.1', revision: 'a36b8b1cd5757287168e54b817830adce9b0158d', time: '2016-06-30 19:26:09'
System info: host: 'EPUAKYIW2087', ip: '10.17.178.61', os.name: 'Windows 10', os.arch: 'amd64', os.version: '10.0', java.version: '1.8.0_101'
Driver info: org.openqa.selenium.remote.RemoteWebDriver
Capabilities [{applicationCacheEnabled=false, rotatable=false, chrome={userDataDir=C:\Users\ANDRII~1\AppData\Local\Temp\scoped_dir13676_13460}, takesHeapSnapshot=true, databaseEnabled=false, handlesAlerts=true, version=53.0.2785.116, platform=XP, browserConnectionEnabled=false, nativeEvents=true, acceptSslCerts=true, locationContextEnabled=true, webStorageEnabled=true, browserName=chrome, takesScreenshot=true, javascriptEnabled=true, cssSelectorsEnabled=true}]
Session ID: 51f1c41ab4d6a266c3cd55f4595b5080
	at sun.reflect.NativeConstructorAccessorImpl.newInstance0(Native Method)
	at sun.reflect.NativeConstructorAccessorImpl.newInstance(NativeConstructorAccessorImpl.java:62)
	at sun.reflect.DelegatingConstructorAccessorImpl.newInstance(DelegatingConstructorAccessorImpl.java:45)
	at java.lang.reflect.Constructor.newInstance(Constructor.java:423)
	at org.openqa.selenium.remote.ErrorHandler.createThrowable(ErrorHandler.java:206)
	at org.openqa.selenium.remote.ErrorHandler.throwIfResponseFailed(ErrorHandler.java:158)
	at org.openqa.selenium.remote.RemoteWebDriver.execute(RemoteWebDriver.java:678)
	at org.openqa.selenium.remote.RemoteWebDriver$RemoteWebDriverOptions$RemoteWindow.maximize(RemoteWebDriver.java:945)
	at org.openqa.selenium.support.events.EventFiringWebDriver$EventFiringWindow.maximize(EventFiringWebDriver.java:644)
	at org.openqa.selenium.support.events.EventFiringWebDriver$EventFiringWindow.maximize(EventFiringWebDriver.java:644)
	at utils.WebDriverUtils.maximizePage(WebDriverUtils.java:146)
	at utils.WebDriverUtils.getDriver(WebDriverUtils.java:42)
	at pom.components.AbstractWebComponent.<init>(AbstractWebComponent.java:23)
	at pom.components.AbstractSitePage.<init>(AbstractSitePage.java:22)
	at pom.google.pages.GoogleMainPage.<init>(GoogleMainPage.java:15)
	at FirstTestClass.googleTest(FirstTestClass.java:17)

